{"level":"error","message":"TypeError [ERR_INVALID_URL]: Invalid URL: 2023-05-27 17:01:16"}
{"level":"info","message":"***** Your Wallet Balance *****"}
{"level":"info","message":"wallet address:\t0x7E62786E10f0a908df42c1F536c72025B1DD3B9E"}
{"level":"info","message":"0.00000 ETH"}
{"level":"error","message":"TypeError [ERR_INVALID_URL]: Invalid URL: 2023-05-27 17:02:05"}
{"level":"info","message":"***** Your Wallet Balance *****"}
{"level":"info","message":"wallet address:\t0x7E62786E10f0a908df42c1F536c72025B1DD3B9E"}
{"level":"info","message":"0.00000 ETH"}
{"level":"error","message":"TypeError [ERR_INVALID_URL]: Invalid URL: 2023-06-06 21:34:34"}
{"level":"error","message":"Preparing Error : "}
{"level":"error","message":"TypeError [ERR_INVALID_URL]: Invalid URL: 2023-06-06 21:35:28"}
{"level":"error","message":"Preparing Error : "}
{"level":"error","message":"TypeError [ERR_INVALID_URL]: Invalid URL: 2023-06-06 21:52:41"}
{"level":"error","message":"TypeError [ERR_INVALID_URL]: Invalid URL: 2023-06-06 21:52:44"}
{"level":"info","message":"***** Your Wallet Balance *****"}
{"level":"info","message":"wallet address:\t0x7E62786E10f0a908df42c1F536c72025B1DD3B9E"}
{"level":"info","message":"0.00000 ETH"}
{"level":"error","message":"TypeError [ERR_INVALID_URL]: Invalid URL: 2023-06-06 21:54:05"}
{"level":"info","message":"***** Your Wallet Balance *****"}
{"level":"info","message":"wallet address:\t0x7E62786E10f0a908df42c1F536c72025B1DD3B9E"}
{"level":"info","message":"0.00000 ETH"}
{"level":"error","message":"TypeError [ERR_INVALID_URL]: Invalid URL: 2023-06-06 21:54:12"}
{"level":"info","message":"***** Your Wallet Balance *****"}
{"level":"info","message":"wallet address:\t0x7E62786E10f0a908df42c1F536c72025B1DD3B9E"}
{"level":"info","message":"0.00000 ETH"}
{"level":"error","message":"TypeError [ERR_INVALID_URL]: Invalid URL: 2023-06-06 21:54:20"}
{"level":"info","message":"***** Your Wallet Balance *****"}
{"level":"info","message":"wallet address:\t0x7E62786E10f0a908df42c1F536c72025B1DD3B9E"}
{"level":"info","message":"0.00000 ETH"}
{"level":"error","message":"TypeError [ERR_INVALID_URL]: Invalid URL: 2023-06-06 21:58:19"}
{"level":"error","message":"Preparing Error : "}
{"level":"error","message":"TypeError [ERR_INVALID_URL]: Invalid URL: 2023-06-06 21:58:31"}
{"level":"error","message":"Preparing Error : "}
{"level":"error","message":"TypeError [ERR_INVALID_URL]: Invalid URL: 2023-06-06 22:01:11"}
{"level":"error","message":"Preparing Error : "}
{"level":"error","message":"Preparing Error : "}
{"level":"error","message":"Preparing Error : "}
{"level":"error","message":"Preparing Error : "}
{"level":"error","message":"Preparing Error : "}
{"level":"error","message":"Preparing Error : "}
{"level":"error","message":"Preparing Error : "}
{"level":"warn","message":"INSUFFICIENT_BALANCE!"}
{"level":"warn","message":"Your wallet balance must be more 4ETH"}
{"level":"warn","message":"INSUFFICIENT_BALANCE!"}
{"level":"warn","message":"Your wallet balance must be more 4ETH"}
{"level":"warn","message":"INSUFFICIENT_BALANCE!"}
{"level":"warn","message":"Your wallet balance must be more 4ETH"}
{"level":"warn","message":"INSUFFICIENT_BALANCE!"}
{"level":"warn","message":"Your wallet balance must be more 4ETH"}
{"level":"warn","message":"INSUFFICIENT_BALANCE!"}
{"level":"warn","message":"Your wallet balance must be more 4ETH"}
{"level":"warn","message":"INSUFFICIENT_BALANCE!"}
{"level":"warn","message":"Your wallet balance must be more 4ETH"}
{"level":"warn","message":"INSUFFICIENT_BALANCE!"}
{"level":"warn","message":"Your wallet balance must be more 4ETH"}
{"level":"warn","message":"INSUFFICIENT_BALANCE!"}
{"level":"warn","message":"Your wallet balance must be more 4ETH"}
{"level":"warn","message":"INSUFFICIENT_BALANCE!"}
{"level":"warn","message":"Your wallet balance must be more 4ETH"}
{"level":"warn","message":"Your wallet balance must be more 4ETH"}
{"level":"warn","message":"Your wallet balance must be more 4ETH0.05 Gas "}
{"level":"warn","message":"Your wallet balance must be more 4ETH0.05 Gas "}
{"level":"warn","message":"Your wallet balance must be more 4ETH 0.05 Gas "}
{"level":"warn","message":"Your wallet balance must be more 4ETH 0.05 Gas "}
